<?xml version="1.0" encoding="UTF-8"?>
<!-- Generated by org.testng.reporters.JUnitXMLReporter -->
<testsuite hostname="INL-B71PWF2" ignored="0" name="TestOrder" tests="5" failures="0" timestamp="19 Dec 2018 09:49:27 GMT" time="0.124" errors="0">
  <testcase name="test_order_milk_day_1" time="0.032" classname="com.test.services.TestOrder"/>
  <testcase name="test_stock_availability_day_1" time="0.022" classname="com.test.services.TestOrder"/>
  <testcase name="test_order_milk_day_2" time="0.014" classname="com.test.services.TestOrder"/>
  <testcase name="test_stock_availability_day_2" time="0.023" classname="com.test.services.TestOrder"/>
  <testcase name="test_stock_reset" time="0.022" classname="com.test.services.TestOrder"/>
</testsuite> <!-- TestOrder -->
