<?xml version="1.0" encoding="UTF-8"?>
<!-- Generated by org.testng.reporters.JUnitXMLReporter -->
<testsuite hostname="INL-B71PWF2" ignored="0" name="TestServerStatus" tests="2" failures="0" timestamp="19 Dec 2018 09:49:27 GMT" time="1.717" errors="0">
  <testcase name="test_checkServerUP" time="1.587" classname="com.test.services.TestServerStatus"/>
  <testcase name="test_checkServerUP_withInvalidPath" time="0.079" classname="com.test.services.TestServerStatus"/>
</testsuite> <!-- TestServerStatus -->
