<?xml version="1.0" encoding="UTF-8"?>
<!-- Generated by org.testng.reporters.JUnitXMLReporter -->
<testsuite hostname="INL-B71PWF2" ignored="0" name="Default test" tests="5" failures="0" timestamp="14 Dec 2018 15:32:58 GMT" time="1.858" errors="0">
  <testcase name="test_order_milk_day_1" time="0.859" classname="com.test.services.TestOrder"/>
  <testcase name="test_stock_availability_day_1" time="0.907" classname="com.test.services.TestOrder"/>
  <testcase name="test_order_milk_day_2" time="0.015" classname="com.test.services.TestOrder"/>
  <testcase name="test_stock_availability_day_2" time="0.037" classname="com.test.services.TestOrder"/>
  <testcase name="test_stock_reset" time="0.016" classname="com.test.services.TestOrder"/>
</testsuite> <!-- Default test -->
