<?xml version="1.0" encoding="UTF-8"?>
<!-- Generated by org.testng.reporters.JUnitXMLReporter -->
<testsuite hostname="INL-B71PWF2" ignored="0" name="TestServerStatus" tests="2" failures="0" timestamp="14 Dec 2018 14:25:40 GMT" time="1.551" errors="0">
  <testcase name="test_checkServerUP" time="1.504" classname="com.test.services.TestServerStatus"/>
  <testcase name="test_checkServerUP_withInvalidPath" time="0.031" classname="com.test.services.TestServerStatus"/>
</testsuite> <!-- TestServerStatus -->
