<?xml version="1.0" encoding="UTF-8"?>
<!-- Generated by org.testng.reporters.JUnitXMLReporter -->
<testsuite hostname="INL-B71PWF2" ignored="0" name="TestHerd" tests="3" failures="0" timestamp="14 Dec 2018 14:25:41 GMT" time="0.078" errors="0">
  <testcase name="test_herd_availability" time="0.031" classname="com.test.services.TestHerd"/>
  <testcase name="test_reloadHerd" time="0.016" classname="com.test.services.TestHerd"/>
  <testcase name="test_validateRemainStock" time="0.015" classname="com.test.services.TestHerd"/>
</testsuite> <!-- TestHerd -->
