<?xml version="1.0" encoding="UTF-8"?>
<!-- Generated by org.testng.reporters.JUnitXMLReporter -->
<testsuite hostname="INL-B71PWF2" ignored="0" name="TestStock" tests="4" failures="0" timestamp="14 Dec 2018 14:25:41 GMT" time="0.14" errors="0">
  <testcase name="test_checkStock_day_1" time="0.046" classname="com.test.services.TestStock"/>
  <testcase name="test_checkStock_day_2" time="0.047" classname="com.test.services.TestStock"/>
  <testcase name="test_stock_reset" time="0.032" classname="com.test.services.TestStock"/>
  <testcase name="test_stock_with_invalid_day" time="0.015" classname="com.test.services.TestStock"/>
</testsuite> <!-- TestStock -->
