<?xml version="1.0" encoding="UTF-8"?>
<!-- Generated by org.testng.reporters.JUnitXMLReporter -->
<testsuite hostname="INL-B71PWF2" ignored="6" name="YakTest" tests="5" failures="0" timestamp="14 Dec 2018 13:49:46 GMT" time="1.935" errors="0">
  <testcase name="test_checkServerUP" time="1.78" classname="com.test.services.TestServerStatus"/>
  <testcase name="test_checkStock_day_1" time="0.032" classname="com.test.services.TestStock"/>
  <testcase name="test_order_milk_day_1" time="0.016" classname="com.test.services.TestOrder"/>
  <testcase name="test_herd_availability" time="0.031" classname="com.test.services.TestHerd"/>
  <testcase name="test_checkServerUP_withInvalidPath" time="0.031" classname="com.test.services.TestServerStatus"/>
  <testcase name="@BeforeSuite begin" time="0.0" classname="com.test.services.TestBase">
    <ignored/>
  </testcase> <!-- @BeforeSuite begin -->
  <testcase name="@BeforeSuite begin" time="0.0" classname="com.test.services.TestBase">
    <ignored/>
  </testcase> <!-- @BeforeSuite begin -->
  <testcase name="@BeforeSuite begin" time="0.0" classname="com.test.services.TestBase">
    <ignored/>
  </testcase> <!-- @BeforeSuite begin -->
  <testcase name="@AfterSuite afterClass" time="0.0" classname="com.test.services.TestBase">
    <ignored/>
  </testcase> <!-- @AfterSuite afterClass -->
  <testcase name="@AfterSuite afterClass" time="0.0" classname="com.test.services.TestBase">
    <ignored/>
  </testcase> <!-- @AfterSuite afterClass -->
  <testcase name="@AfterSuite afterClass" time="0.0" classname="com.test.services.TestBase">
    <ignored/>
  </testcase> <!-- @AfterSuite afterClass -->
</testsuite> <!-- YakTest -->
