<?xml version="1.0" encoding="UTF-8"?>
<!-- Generated by org.testng.reporters.JUnitXMLReporter -->
<testsuite hostname="INL-B71PWF2" ignored="6" name="YakTest" tests="8" failures="0" timestamp="14 Dec 2018 09:34:05 GMT" time="2.375" errors="0">
  <testcase name="checkServerUP" time="2.032" classname="services.ServerStatus"/>
  <testcase name="checkStock_day_1" time="0.072" classname="services.Stock"/>
  <testcase name="checkStock_day_2" time="0.07" classname="services.Stock"/>
  <testcase name="herd" time="0.045" classname="services.Herd"/>
  <testcase name="orderPlacing" time="0.016" classname="services.Order"/>
  <testcase name="validateRemainStock" time="0.027" classname="services.Order"/>
  <testcase name="reloadHerd" time="0.029" classname="services.Herd"/>
  <testcase name="validateReloadHerd" time="0.023" classname="services.Herd"/>
  <testcase name="@BeforeSuite begin" time="0.0" classname="test.Baseclass">
    <ignored/>
  </testcase> <!-- @BeforeSuite begin -->
  <testcase name="@BeforeSuite begin" time="0.0" classname="test.Baseclass">
    <ignored/>
  </testcase> <!-- @BeforeSuite begin -->
  <testcase name="@BeforeSuite begin" time="0.0" classname="test.Baseclass">
    <ignored/>
  </testcase> <!-- @BeforeSuite begin -->
  <testcase name="@AfterSuite afterClass" time="0.0" classname="test.Baseclass">
    <ignored/>
  </testcase> <!-- @AfterSuite afterClass -->
  <testcase name="@AfterSuite afterClass" time="0.0" classname="test.Baseclass">
    <ignored/>
  </testcase> <!-- @AfterSuite afterClass -->
  <testcase name="@AfterSuite afterClass" time="0.0" classname="test.Baseclass">
    <ignored/>
  </testcase> <!-- @AfterSuite afterClass -->
</testsuite> <!-- YakTest -->
